<?xml version="1.0" encoding="UTF-8"?>
<testsuite name="testRunner.runFeatureTest" time="4.747" tests="8" errors="0" skipped="0" failures="0">
  <properties>
    <property name="java.runtime.name" value="Java(TM) SE Runtime Environment"/>
    <property name="sun.boot.library.path" value="C:\Program Files\Java\jdk1.8.0_131\jre\bin"/>
    <property name="java.vm.version" value="25.131-b11"/>
    <property name="java.vm.vendor" value="Oracle Corporation"/>
    <property name="maven.multiModuleProjectDirectory" value="C:\Users\shahnawazs520\Desktop\Sikuli_Images\New folder\sikuliTest"/>
    <property name="java.vendor.url" value="http://java.oracle.com/"/>
    <property name="path.separator" value=";"/>
    <property name="guice.disable.misplaced.annotation.check" value="true"/>
    <property name="java.vm.name" value="Java HotSpot(TM) 64-Bit Server VM"/>
    <property name="file.encoding.pkg" value="sun.io"/>
    <property name="user.script" value=""/>
    <property name="user.country" value="US"/>
    <property name="sun.java.launcher" value="SUN_STANDARD"/>
    <property name="sun.os.patch.level" value=""/>
    <property name="java.vm.specification.name" value="Java Virtual Machine Specification"/>
    <property name="user.dir" value="C:\Users\shahnawazs520\Desktop\Sikuli_Images\New folder\sikuliTest"/>
    <property name="java.runtime.version" value="1.8.0_131-b11"/>
    <property name="java.awt.graphicsenv" value="sun.awt.Win32GraphicsEnvironment"/>
    <property name="java.endorsed.dirs" value="C:\Program Files\Java\jdk1.8.0_131\jre\lib\endorsed"/>
    <property name="os.arch" value="amd64"/>
    <property name="java.io.tmpdir" value="C:\Users\SHAHNA~1\AppData\Local\Temp\"/>
    <property name="line.separator" value="&#10;"/>
    <property name="java.vm.specification.vendor" value="Oracle Corporation"/>
    <property name="user.variant" value=""/>
    <property name="os.name" value="Windows 10"/>
    <property name="classworlds.conf" value="C:\Users\shahnawazs520\eclipse-workspace\.metadata\.plugins\org.eclipse.m2e.launching\launches\m2conf5187227619055453813.tmp"/>
    <property name="sun.jnu.encoding" value="Cp1252"/>
    <property name="java.library.path" value="C:\Program Files\Java\jdk1.8.0_131\bin;C:\WINDOWS\Sun\Java\bin;C:\WINDOWS\system32;C:\WINDOWS;C:/Program Files/Java/jre1.8.0_131/bin/server;C:/Program Files/Java/jre1.8.0_131/bin;C:/Program Files/Java/jre1.8.0_131/lib/amd64;C:\Program Files (x86)\Intel\iCLS Client\;C:\Program Files\Intel\iCLS Client\;C:\ProgramData\Oracle\Java\javapath;C:\WINDOWS\system32;C:\WINDOWS;C:\WINDOWS\System32\Wbem;C:\WINDOWS\System32\WindowsPowerShell\v1.0\;C:\Program Files (x86)\IBM\Notes\;C:\Program Files\WinZip\;C:\Program Files\Microsoft SQL Server\Client SDK\ODBC\110\Tools\Binn\;C:\Program Files (x86)\Microsoft SQL Server\120\Tools\Binn\;C:\Program Files\Microsoft SQL Server\120\Tools\Binn\;C:\Program Files\Microsoft SQL Server\120\DTS\Binn\;C:\Program Files (x86)\Sennheiser\SoftphoneSDK\;C:\Program Files (x86)\Intel\Intel(R) Management Engine Components\DAL;C:\Program Files\Intel\Intel(R) Management Engine Components\DAL;C:\Program Files (x86)\Intel\Intel(R) Management Engine Components\IPT;C:\Program Files\Intel\Intel(R) Management Engine Components\IPT;C:\Program Files (x86)\Webex\Webex\Applications;C:\Users\shahnawazs520\AppData\Local\Programs\Python\Python37-32\Scripts;C:\Users\shahnawazs520\AppData\Local\Programs\Python\Python37-32\Lib;C:\Users\shahnawazs520\AppData\Local\Programs\Python\Python37-32\Lib\site-packages;C:\Wdrivers;C:\Users\shahnawazs520\AppData\Local\Programs\Python\Python37-32\Lib\site-packages\nmap;C:\Program Files (x86)\Nmap;C:\Program Files\Intel\WiFi\bin\;C:\Program Files\Common Files\Intel\WirelessCommon\;C:\apache-maven-3.6.0-bin\apache-maven-3.6.0\bin\;%JAVA_HOME%\bin;C:\Program Files\PuTTY\;C:\Users\shahnawazs520\AppData\Local\Programs\Python\Python37-32\Scripts\;C:\Users\shahnawazs520\AppData\Local\Programs\Python\Python37-32\;C:\Users\shahnawazs520\AppData\Local\Microsoft\WindowsApps;;C:\Users\shahnawazs520\Desktop\eclipse;;."/>
    <property name="java.specification.name" value="Java Platform API Specification"/>
    <property name="java.class.version" value="52.0"/>
    <property name="sun.management.compiler" value="HotSpot 64-Bit Tiered Compilers"/>
    <property name="os.version" value="10.0"/>
    <property name="user.home" value="C:\Users\shahnawazs520"/>
    <property name="user.timezone" value="Asia/Calcutta"/>
    <property name="java.awt.printerjob" value="sun.awt.windows.WPrinterJob"/>
    <property name="java.specification.version" value="1.8"/>
    <property name="file.encoding" value="Cp1252"/>
    <property name="user.name" value="shahnawazs520"/>
    <property name="java.class.path" value="C:\Users\shahnawazs520\Desktop\eclipse\plugins\org.eclipse.m2e.maven.runtime_1.8.2.20171007-0216\jars\plexus-classworlds-2.5.2.jar"/>
    <property name="java.vm.specification.version" value="1.8"/>
    <property name="sun.arch.data.model" value="64"/>
    <property name="java.home" value="C:\Program Files\Java\jdk1.8.0_131\jre"/>
    <property name="sun.java.command" value="org.codehaus.plexus.classworlds.launcher.Launcher -B test"/>
    <property name="java.specification.vendor" value="Oracle Corporation"/>
    <property name="user.language" value="en"/>
    <property name="awt.toolkit" value="sun.awt.windows.WToolkit"/>
    <property name="java.vm.info" value="mixed mode"/>
    <property name="java.version" value="1.8.0_131"/>
    <property name="java.ext.dirs" value="C:\Program Files\Java\jdk1.8.0_131\jre\lib\ext;C:\WINDOWS\Sun\Java\lib\ext"/>
    <property name="sun.boot.class.path" value="C:\Program Files\Java\jdk1.8.0_131\jre\lib\resources.jar;C:\Program Files\Java\jdk1.8.0_131\jre\lib\rt.jar;C:\Program Files\Java\jdk1.8.0_131\jre\lib\sunrsasign.jar;C:\Program Files\Java\jdk1.8.0_131\jre\lib\jsse.jar;C:\Program Files\Java\jdk1.8.0_131\jre\lib\jce.jar;C:\Program Files\Java\jdk1.8.0_131\jre\lib\charsets.jar;C:\Program Files\Java\jdk1.8.0_131\jre\lib\jfr.jar;C:\Program Files\Java\jdk1.8.0_131\jre\classes"/>
    <property name="java.vendor" value="Oracle Corporation"/>
    <property name="maven.home" value="C:\Users\shahnawazs520\Desktop\Sikuli_Images\New folder\sikuliTest\EMBEDDED"/>
    <property name="file.separator" value="\"/>
    <property name="java.vendor.url.bug" value="http://bugreport.sun.com/bugreport/"/>
    <property name="sun.cpu.endian" value="little"/>
    <property name="sun.io.unicode.encoding" value="UnicodeLittle"/>
    <property name="sun.desktop" value="windows"/>
    <property name="sun.cpu.isalist" value="amd64"/>
  </properties>
  <testcase name="Given User launches the Success Factor demo URL for LMS" classname="| Browse all courses | Premium Service Plans | Assign to Me |" time="0.001"/>
  <testcase name="And User Enters credentials for &quot;lms_user&quot; and &quot;lms_pwd&quot;" classname="| Browse all courses | Premium Service Plans | Assign to Me |" time="0"/>
  <testcase name="And User Clicks on &quot;Browse all courses&quot;" classname="| Browse all courses | Premium Service Plans | Assign to Me |" time="0"/>
  <testcase name="And User Searches for &quot;Premium Service Plans&quot; from catalogue" classname="| Browse all courses | Premium Service Plans | Assign to Me |" time="0.001"/>
  <testcase name="And User expands the &quot;Premium Service Plans&quot;" classname="| Browse all courses | Premium Service Plans | Assign to Me |" time="0"/>
  <testcase name="When User selects &quot;Assign to Me&quot;" classname="| Browse all courses | Premium Service Plans | Assign to Me |" time="0"/>
  <testcase name="Then the course should gets added under my learning Assignments with &quot;Premium Service Plans&quot;" classname="| Browse all courses | Premium Service Plans | Assign to Me |" time="0"/>
  <testcase name="| Browse all courses | Premium Service Plans | Assign to Me |" classname="| Browse all courses | Premium Service Plans | Assign to Me |" time="4.745"/>
</testsuite>